<?xml version="1.0" encoding="UTF-8"?>
<coverage generated="1656831560779" clover="3.2.0">
  <project timestamp="1656831560779" name="All files">
    <metrics statements="192" coveredstatements="132" conditionals="51" coveredconditionals="16" methods="40" coveredmethods="21" elements="283" coveredelements="169" complexity="0" loc="192" ncloc="192" packages="5" files="8" classes="8"/>
    <package name="src">
      <metrics statements="77" coveredstatements="71" conditionals="9" coveredconditionals="8" methods="12" coveredmethods="11"/>
      <file name="app.ts" path="/Users/kushal/Desktop/young_innovations/server/src/app.ts">
        <metrics statements="22" coveredstatements="18" conditionals="1" coveredconditionals="0" methods="2" coveredmethods="1"/>
        <line num="1" count="1" type="stmt"/>
        <line num="3" count="1" type="stmt"/>
        <line num="4" count="1" type="stmt"/>
        <line num="5" count="1" type="stmt"/>
        <line num="6" count="1" type="stmt"/>
        <line num="8" count="1" type="stmt"/>
        <line num="14" count="1" type="stmt"/>
        <line num="17" count="1" type="stmt"/>
        <line num="20" count="1" type="stmt"/>
        <line num="22" count="1" type="stmt"/>
        <line num="29" count="1" type="stmt"/>
        <line num="31" count="3" type="stmt"/>
        <line num="33" count="3" type="stmt"/>
        <line num="38" count="3" type="cond" truecount="0" falsecount="1"/>
        <line num="39" count="0" type="stmt"/>
        <line num="40" count="0" type="stmt"/>
        <line num="42" count="3" type="stmt"/>
        <line num="46" count="1" type="stmt"/>
        <line num="49" count="1" type="stmt"/>
        <line num="50" count="0" type="stmt"/>
        <line num="51" count="0" type="stmt"/>
        <line num="56" count="1" type="stmt"/>
      </file>
      <file name="jwt.ts" path="/Users/kushal/Desktop/young_innovations/server/src/jwt.ts">
        <metrics statements="12" coveredstatements="12" conditionals="2" coveredconditionals="2" methods="3" coveredmethods="3"/>
        <line num="1" count="2" type="stmt"/>
        <line num="13" count="2" type="stmt"/>
        <line num="15" count="2" type="stmt"/>
        <line num="18" count="2" type="stmt"/>
        <line num="28" count="2" type="stmt"/>
        <line num="29" count="2" type="stmt"/>
        <line num="30" count="2" type="cond" truecount="1" falsecount="0"/>
        <line num="31" count="2" type="cond" truecount="1" falsecount="0"/>
        <line num="32" count="1" type="stmt"/>
        <line num="34" count="2" type="stmt"/>
        <line num="35" count="2" type="stmt"/>
        <line num="37" count="2" type="stmt"/>
      </file>
      <file name="middleware.ts" path="/Users/kushal/Desktop/young_innovations/server/src/middleware.ts">
        <metrics statements="13" coveredstatements="12" conditionals="2" coveredconditionals="2" methods="3" coveredmethods="3"/>
        <line num="2" count="1" type="stmt"/>
        <line num="5" count="1" type="stmt"/>
        <line num="6" count="4" type="stmt"/>
        <line num="7" count="3" type="stmt"/>
        <line num="8" count="3" type="stmt"/>
        <line num="11" count="3" type="cond" truecount="1" falsecount="0"/>
        <line num="12" count="2" type="stmt"/>
        <line num="15" count="1" type="cond" truecount="1" falsecount="0"/>
        <line num="16" count="1" type="stmt"/>
        <line num="20" count="1" type="stmt"/>
        <line num="21" count="1" type="stmt"/>
        <line num="22" count="1" type="stmt"/>
        <line num="24" count="0" type="stmt"/>
      </file>
      <file name="scrapper.ts" path="/Users/kushal/Desktop/young_innovations/server/src/scrapper.ts">
        <metrics statements="30" coveredstatements="29" conditionals="4" coveredconditionals="4" methods="4" coveredmethods="4"/>
        <line num="1" count="2" type="stmt"/>
        <line num="2" count="2" type="stmt"/>
        <line num="4" count="2" type="stmt"/>
        <line num="8" count="3" type="stmt"/>
        <line num="9" count="3" type="stmt"/>
        <line num="10" count="3" type="stmt"/>
        <line num="11" count="3" type="stmt"/>
        <line num="16" count="3" type="stmt"/>
        <line num="18" count="3" type="stmt"/>
        <line num="20" count="3" type="stmt"/>
        <line num="22" count="3" type="stmt"/>
        <line num="23" count="153" type="stmt"/>
        <line num="25" count="153" type="stmt"/>
        <line num="27" count="153" type="cond" truecount="1" falsecount="0"/>
        <line num="28" count="153" type="stmt"/>
        <line num="31" count="603" type="stmt"/>
        <line num="33" count="603" type="cond" truecount="1" falsecount="0"/>
        <line num="34" count="603" type="cond" truecount="1" falsecount="0"/>
        <line num="35" count="153" type="stmt"/>
        <line num="42" count="153" type="stmt"/>
        <line num="49" count="153" type="stmt"/>
        <line num="56" count="153" type="stmt"/>
        <line num="63" count="153" type="stmt"/>
        <line num="70" count="603" type="cond" truecount="1" falsecount="0"/>
        <line num="71" count="150" type="stmt"/>
        <line num="75" count="603" type="stmt"/>
        <line num="76" count="603" type="stmt"/>
        <line num="80" count="153" type="stmt"/>
        <line num="83" count="3" type="stmt"/>
        <line num="85" count="0" type="stmt"/>
      </file>
    </package>
    <package name="src.api.controllers">
      <metrics statements="65" coveredstatements="31" conditionals="25" coveredconditionals="4" methods="13" coveredmethods="6"/>
      <file name="api.ts" path="/Users/kushal/Desktop/young_innovations/server/src/api/controllers/api.ts">
        <metrics statements="65" coveredstatements="31" conditionals="25" coveredconditionals="4" methods="13" coveredmethods="6"/>
        <line num="2" count="1" type="stmt"/>
        <line num="3" count="1" type="stmt"/>
        <line num="5" count="1" type="stmt"/>
        <line num="10" count="1" type="stmt"/>
        <line num="13" count="1" type="stmt"/>
        <line num="17" count="1" type="stmt"/>
        <line num="21" count="2" type="stmt"/>
        <line num="23" count="2" type="stmt"/>
        <line num="25" count="2" type="cond" truecount="1" falsecount="0"/>
        <line num="26" count="1" type="stmt"/>
        <line num="29" count="1" type="stmt"/>
        <line num="32" count="31" type="stmt"/>
        <line num="33" count="31" type="stmt"/>
        <line num="34" count="31" type="cond" truecount="2" falsecount="0"/>
        <line num="38" count="1" type="stmt"/>
        <line num="40" count="1" type="cond" truecount="1" falsecount="0"/>
        <line num="41" count="1" type="stmt"/>
        <line num="43" count="1" type="stmt"/>
        <line num="45" count="1" type="stmt"/>
        <line num="50" count="2" type="stmt"/>
        <line num="52" count="2" type="stmt"/>
        <line num="54" count="2" type="stmt"/>
        <line num="56" count="2" type="stmt"/>
        <line num="57" count="2" type="stmt"/>
        <line num="59" count="0" type="stmt"/>
        <line num="64" count="1" type="stmt"/>
        <line num="68" count="0" type="stmt"/>
        <line num="69" count="0" type="stmt"/>
        <line num="71" count="0" type="stmt"/>
        <line num="74" count="0" type="cond" truecount="0" falsecount="1"/>
        <line num="76" count="0" type="cond" truecount="0" falsecount="4"/>
        <line num="78" count="0" type="stmt"/>
        <line num="79" count="0" type="stmt"/>
        <line num="82" count="0" type="stmt"/>
        <line num="85" count="0" type="stmt"/>
        <line num="88" count="0" type="stmt"/>
        <line num="93" count="0" type="cond" truecount="0" falsecount="1"/>
        <line num="95" count="0" type="stmt"/>
        <line num="98" count="0" type="stmt"/>
        <line num="100" count="0" type="cond" truecount="0" falsecount="4"/>
        <line num="102" count="0" type="stmt"/>
        <line num="107" count="1" type="stmt"/>
        <line num="111" count="1" type="stmt"/>
        <line num="112" count="1" type="stmt"/>
        <line num="115" count="1" type="cond" truecount="0" falsecount="1"/>
        <line num="117" count="0" type="stmt"/>
        <line num="120" count="0" type="stmt"/>
        <line num="122" count="0" type="stmt"/>
        <line num="124" count="0" type="cond" truecount="0" falsecount="4"/>
        <line num="126" count="1" type="stmt"/>
        <line num="128" count="0" type="stmt"/>
        <line num="133" count="1" type="stmt"/>
        <line num="137" count="0" type="stmt"/>
        <line num="138" count="0" type="stmt"/>
        <line num="139" count="0" type="stmt"/>
        <line num="142" count="0" type="stmt"/>
        <line num="145" count="0" type="stmt"/>
        <line num="148" count="0" type="stmt"/>
        <line num="151" count="0" type="cond" truecount="0" falsecount="1"/>
        <line num="152" count="0" type="stmt"/>
        <line num="157" count="0" type="cond" truecount="0" falsecount="1"/>
        <line num="159" count="0" type="stmt"/>
        <line num="162" count="0" type="stmt"/>
        <line num="164" count="0" type="cond" truecount="0" falsecount="4"/>
        <line num="166" count="0" type="stmt"/>
      </file>
    </package>
    <package name="src.api.routes">
      <metrics statements="11" coveredstatements="11" conditionals="0" coveredconditionals="0" methods="1" coveredmethods="1"/>
      <file name="api.ts" path="/Users/kushal/Desktop/young_innovations/server/src/api/routes/api.ts">
        <metrics statements="11" coveredstatements="11" conditionals="0" coveredconditionals="0" methods="1" coveredmethods="1"/>
        <line num="1" count="1" type="stmt"/>
        <line num="2" count="1" type="stmt"/>
        <line num="3" count="1" type="stmt"/>
        <line num="4" count="1" type="stmt"/>
        <line num="6" count="1" type="stmt"/>
        <line num="7" count="1" type="stmt"/>
        <line num="11" count="1" type="stmt"/>
        <line num="16" count="1" type="stmt"/>
        <line num="21" count="1" type="stmt"/>
        <line num="26" count="1" type="stmt"/>
        <line num="27" count="1" type="stmt"/>
      </file>
    </package>
    <package name="src.api.services">
      <metrics statements="23" coveredstatements="3" conditionals="13" coveredconditionals="0" methods="12" coveredmethods="1"/>
      <file name="api.ts" path="/Users/kushal/Desktop/young_innovations/server/src/api/services/api.ts">
        <metrics statements="23" coveredstatements="3" conditionals="13" coveredconditionals="0" methods="12" coveredmethods="1"/>
        <line num="2" count="1" type="stmt"/>
        <line num="7" count="1" type="stmt"/>
        <line num="11" count="0" type="cond" truecount="0" falsecount="1"/>
        <line num="12" count="0" type="stmt"/>
        <line num="14" count="0" type="stmt"/>
        <line num="26" count="0" type="stmt"/>
        <line num="46" count="0" type="cond" truecount="0" falsecount="1"/>
        <line num="47" count="0" type="stmt"/>
        <line num="62" count="0" type="cond" truecount="0" falsecount="1"/>
        <line num="63" count="0" type="stmt"/>
        <line num="65" count="0" type="stmt"/>
        <line num="73" count="0" type="cond" truecount="0" falsecount="1"/>
        <line num="74" count="0" type="stmt"/>
        <line num="76" count="0" type="stmt"/>
        <line num="84" count="0" type="stmt"/>
        <line num="94" count="0" type="cond" truecount="0" falsecount="1"/>
        <line num="95" count="0" type="stmt"/>
        <line num="97" count="0" type="stmt"/>
        <line num="110" count="0" type="stmt"/>
        <line num="129" count="0" type="stmt"/>
        <line num="143" count="0" type="stmt"/>
        <line num="154" count="0" type="stmt"/>
        <line num="162" count="1" type="stmt"/>
      </file>
    </package>
    <package name="src.api.utility">
      <metrics statements="16" coveredstatements="16" conditionals="4" coveredconditionals="4" methods="2" coveredmethods="2"/>
      <file name="coinData.ts" path="/Users/kushal/Desktop/young_innovations/server/src/api/utility/coinData.ts">
        <metrics statements="16" coveredstatements="16" conditionals="4" coveredconditionals="4" methods="2" coveredmethods="2"/>
        <line num="1" count="1" type="stmt"/>
        <line num="3" count="2" type="stmt"/>
        <line num="4" count="2" type="cond" truecount="1" falsecount="0"/>
        <line num="5" count="2" type="stmt"/>
        <line num="6" count="102" type="stmt"/>
        <line num="7" count="102" type="stmt"/>
        <line num="8" count="102" type="stmt"/>
        <line num="9" count="102" type="stmt"/>
        <line num="10" count="102" type="stmt"/>
        <line num="11" count="102" type="stmt"/>
        <line num="12" count="102" type="stmt"/>
        <line num="14" count="102" type="cond" truecount="1" falsecount="0"/>
        <line num="15" count="100" type="stmt"/>
        <line num="16" count="100" type="cond" truecount="2" falsecount="0"/>
        <line num="17" count="50" type="stmt"/>
        <line num="25" count="50" type="stmt"/>
      </file>
    </package>
  </project>
</coverage>
