{"/Users/kushal/Desktop/young_innovations/server/src/app.ts": {"path":"/Users/kushal/Desktop/young_innovations/server/src/app.ts","statementMap":{"0":{"start":{"line":1,"column":0},"end":{"line":1,"column":43}},"1":{"start":{"line":3,"column":0},"end":{"line":3,"column":38}},"2":{"start":{"line":4,"column":13},"end":{"line":4,"column":28}},"3":{"start":{"line":5,"column":21},"end":{"line":5,"column":45}},"4":{"start":{"line":6,"column":0},"end":{"line":6,"column":44}},"5":{"start":{"line":8,"column":21},"end":{"line":8,"column":30}},"6":{"start":{"line":14,"column":0},"end":{"line":14,"column":49}},"7":{"start":{"line":17,"column":0},"end":{"line":17,"column":24}},"8":{"start":{"line":20,"column":0},"end":{"line":20,"column":24}},"9":{"start":{"line":22,"column":0},"end":{"line":26,"column":2}},"10":{"start":{"line":29,"column":0},"end":{"line":43,"column":3}},"11":{"start":{"line":31,"column":2},"end":{"line":31,"column":49}},"12":{"start":{"line":33,"column":2},"end":{"line":36,"column":4}},"13":{"start":{"line":38,"column":2},"end":{"line":41,"column":null}},"14":{"start":{"line":39,"column":4},"end":{"line":39,"column":72}},"15":{"start":{"line":40,"column":4},"end":{"line":40,"column":36}},"16":{"start":{"line":42,"column":2},"end":{"line":42,"column":9}},"17":{"start":{"line":46,"column":0},"end":{"line":46,"column":36}},"18":{"start":{"line":49,"column":0},"end":{"line":54,"column":3}},"19":{"start":{"line":50,"column":16},"end":{"line":50,"column":38}},"20":{"start":{"line":51,"column":2},"end":{"line":53,"column":5}},"21":{"start":{"line":56,"column":0},"end":{"line":56,"column":19}}},"fnMap":{"0":{"name":"(anonymous_1)","decl":{"start":{"line":29,"column":8},"end":{"line":29,"column":9}},"loc":{"start":{"line":29,"column":27},"end":{"line":43,"column":1}}},"1":{"name":"(anonymous_2)","decl":{"start":{"line":49,"column":8},"end":{"line":49,"column":9}},"loc":{"start":{"line":49,"column":27},"end":{"line":54,"column":1}}}},"branchMap":{"0":{"loc":{"start":{"line":38,"column":2},"end":{"line":41,"column":null}},"type":"if","locations":[{"start":{"line":38,"column":2},"end":{"line":41,"column":null}}]}},"s":{"0":1,"1":1,"2":1,"3":1,"4":1,"5":1,"6":1,"7":1,"8":1,"9":1,"10":1,"11":3,"12":3,"13":3,"14":0,"15":0,"16":3,"17":1,"18":1,"19":0,"20":0,"21":1},"f":{"0":3,"1":0},"b":{"0":[0]}}
,"/Users/kushal/Desktop/young_innovations/server/src/jwt.ts": {"path":"/Users/kushal/Desktop/young_innovations/server/src/jwt.ts","statementMap":{"0":{"start":{"line":1,"column":0},"end":{"line":1,"column":44}},"1":{"start":{"line":15,"column":18},"end":{"line":15,"column":22}},"2":{"start":{"line":18,"column":2},"end":{"line":20,"column":5}},"3":{"start":{"line":13,"column":0},"end":{"line":13,"column":16}},"4":{"start":{"line":29,"column":2},"end":{"line":38,"column":5}},"5":{"start":{"line":30,"column":4},"end":{"line":36,"column":null}},"6":{"start":{"line":31,"column":6},"end":{"line":33,"column":null}},"7":{"start":{"line":32,"column":8},"end":{"line":32,"column":52}},"8":{"start":{"line":34,"column":26},"end":{"line":34,"column":53}},"9":{"start":{"line":35,"column":6},"end":{"line":35,"column":22}},"10":{"start":{"line":37,"column":4},"end":{"line":37,"column":11}},"11":{"start":{"line":28,"column":0},"end":{"line":28,"column":16}}},"fnMap":{"0":{"name":"generateToken","decl":{"start":{"line":13,"column":16},"end":{"line":13,"column":29}},"loc":{"start":{"line":13,"column":39},"end":{"line":21,"column":1}}},"1":{"name":"validateToken","decl":{"start":{"line":28,"column":16},"end":{"line":28,"column":29}},"loc":{"start":{"line":28,"column":43},"end":{"line":39,"column":1}}},"2":{"name":"(anonymous_2)","decl":{"start":{"line":29,"column":21},"end":{"line":29,"column":22}},"loc":{"start":{"line":29,"column":41},"end":{"line":38,"column":3}}}},"branchMap":{"0":{"loc":{"start":{"line":30,"column":4},"end":{"line":36,"column":null}},"type":"if","locations":[{"start":{"line":30,"column":4},"end":{"line":36,"column":null}}]},"1":{"loc":{"start":{"line":31,"column":6},"end":{"line":33,"column":null}},"type":"if","locations":[{"start":{"line":31,"column":6},"end":{"line":33,"column":null}}]}},"s":{"0":2,"1":2,"2":2,"3":2,"4":2,"5":2,"6":2,"7":1,"8":2,"9":2,"10":2,"11":2},"f":{"0":2,"1":2,"2":2},"b":{"0":[2],"1":[1]}}
,"/Users/kushal/Desktop/young_innovations/server/src/middleware.ts": {"path":"/Users/kushal/Desktop/young_innovations/server/src/middleware.ts","statementMap":{"0":{"start":{"line":2,"column":0},"end":{"line":2,"column":38}},"1":{"start":{"line":6,"column":2},"end":{"line":26,"column":4}},"2":{"start":{"line":6,"column":8},"end":{"line":26,"column":4}},"3":{"start":{"line":6,"column":72},"end":{"line":26,"column":4}},"4":{"start":{"line":7,"column":4},"end":{"line":25,"column":null}},"5":{"start":{"line":8,"column":16},"end":{"line":8,"column":45}},"6":{"start":{"line":11,"column":6},"end":{"line":13,"column":null}},"7":{"start":{"line":12,"column":8},"end":{"line":12,"column":22}},"8":{"start":{"line":15,"column":6},"end":{"line":17,"column":null}},"9":{"start":{"line":16,"column":8},"end":{"line":16,"column":48}},"10":{"start":{"line":20,"column":27},"end":{"line":20,"column":51}},"11":{"start":{"line":21,"column":6},"end":{"line":21,"column":30}},"12":{"start":{"line":22,"column":6},"end":{"line":22,"column":13}},"13":{"start":{"line":24,"column":6},"end":{"line":24,"column":50}},"14":{"start":{"line":5,"column":13},"end":{"line":5,"column":null}}},"fnMap":{"0":{"name":"(anonymous_7)","decl":{"start":{"line":6,"column":2},"end":{"line":6,"column":5}},"loc":{"start":{"line":6,"column":8},"end":{"line":26,"column":4}}},"1":{"name":"(anonymous_8)","decl":{"start":{"line":6,"column":8},"end":{"line":6,"column":15}},"loc":{"start":{"line":6,"column":72},"end":{"line":26,"column":4}}},"2":{"name":"(anonymous_9)","decl":{"start":{"line":6,"column":72},"end":{"line":6,"column":null}},"loc":{"start":{"line":6,"column":72},"end":{"line":26,"column":3}}}},"branchMap":{"0":{"loc":{"start":{"line":11,"column":6},"end":{"line":13,"column":null}},"type":"if","locations":[{"start":{"line":11,"column":6},"end":{"line":13,"column":null}}]},"1":{"loc":{"start":{"line":15,"column":6},"end":{"line":17,"column":null}},"type":"if","locations":[{"start":{"line":15,"column":6},"end":{"line":17,"column":null}}]}},"s":{"0":1,"1":1,"2":4,"3":3,"4":3,"5":3,"6":3,"7":2,"8":1,"9":1,"10":1,"11":1,"12":1,"13":0,"14":1},"f":{"0":4,"1":3,"2":3},"b":{"0":[2],"1":[1]}}
,"/Users/kushal/Desktop/young_innovations/server/src/scrapper.ts": {"path":"/Users/kushal/Desktop/young_innovations/server/src/scrapper.ts","statementMap":{"0":{"start":{"line":1,"column":0},"end":{"line":1,"column":45}},"1":{"start":{"line":2,"column":0},"end":{"line":2,"column":30}},"2":{"start":{"line":8,"column":4},"end":{"line":86,"column":null}},"3":{"start":{"line":9,"column":29},"end":{"line":9,"column":31}},"4":{"start":{"line":10,"column":30},"end":{"line":10,"column":56}},"5":{"start":{"line":11,"column":38},"end":{"line":14,"column":8}},"6":{"start":{"line":16,"column":21},"end":{"line":16,"column":39}},"7":{"start":{"line":18,"column":19},"end":{"line":18,"column":60}},"8":{"start":{"line":20,"column":27},"end":{"line":20,"column":75}},"9":{"start":{"line":22,"column":6},"end":{"line":82,"column":9}},"10":{"start":{"line":23,"column":21},"end":{"line":23,"column":22}},"11":{"start":{"line":25,"column":27},"end":{"line":25,"column":29}},"12":{"start":{"line":27,"column":8},"end":{"line":81,"column":null}},"13":{"start":{"line":28,"column":10},"end":{"line":78,"column":15}},"14":{"start":{"line":31,"column":28},"end":{"line":31,"column":72}},"15":{"start":{"line":33,"column":14},"end":{"line":77,"column":null}},"16":{"start":{"line":34,"column":16},"end":{"line":69,"column":null}},"17":{"start":{"line":35,"column":32},"end":{"line":40,"column":32}},"18":{"start":{"line":42,"column":31},"end":{"line":47,"column":27}},"19":{"start":{"line":49,"column":31},"end":{"line":54,"column":27}},"20":{"start":{"line":56,"column":31},"end":{"line":61,"column":27}},"21":{"start":{"line":63,"column":18},"end":{"line":68,"column":20}},"22":{"start":{"line":70,"column":16},"end":{"line":74,"column":null}},"23":{"start":{"line":71,"column":18},"end":{"line":73,"column":43}},"24":{"start":{"line":75,"column":16},"end":{"line":75,"column":48}},"25":{"start":{"line":76,"column":16},"end":{"line":76,"column":25}},"26":{"start":{"line":80,"column":10},"end":{"line":80,"column":34}},"27":{"start":{"line":83,"column":6},"end":{"line":83,"column":23}},"28":{"start":{"line":85,"column":6},"end":{"line":85,"column":23}},"29":{"start":{"line":4,"column":0},"end":{"line":4,"column":21}}},"fnMap":{"0":{"name":"(anonymous_8)","decl":{"start":{"line":5,"column":2},"end":{"line":5,"column":17}},"loc":{"start":{"line":5,"column":2},"end":{"line":5,"column":18}}},"1":{"name":"(anonymous_9)","decl":{"start":{"line":7,"column":15},"end":{"line":7,"column":27}},"loc":{"start":{"line":7,"column":27},"end":{"line":87,"column":null}}},"2":{"name":"(anonymous_11)","decl":{"start":{"line":22,"column":27},"end":{"line":22,"column":28}},"loc":{"start":{"line":22,"column":74},"end":{"line":82,"column":7}}},"3":{"name":"(anonymous_12)","decl":{"start":{"line":30,"column":18},"end":{"line":30,"column":19}},"loc":{"start":{"line":30,"column":69},"end":{"line":78,"column":13}}}},"branchMap":{"0":{"loc":{"start":{"line":27,"column":8},"end":{"line":81,"column":null}},"type":"if","locations":[{"start":{"line":27,"column":8},"end":{"line":81,"column":null}}]},"1":{"loc":{"start":{"line":33,"column":14},"end":{"line":77,"column":null}},"type":"if","locations":[{"start":{"line":33,"column":14},"end":{"line":77,"column":null}}]},"2":{"loc":{"start":{"line":34,"column":16},"end":{"line":69,"column":null}},"type":"if","locations":[{"start":{"line":34,"column":16},"end":{"line":69,"column":null}}]},"3":{"loc":{"start":{"line":70,"column":16},"end":{"line":74,"column":null}},"type":"if","locations":[{"start":{"line":70,"column":16},"end":{"line":74,"column":null}}]}},"s":{"0":2,"1":2,"2":3,"3":3,"4":3,"5":3,"6":3,"7":3,"8":3,"9":3,"10":153,"11":153,"12":153,"13":153,"14":603,"15":603,"16":603,"17":153,"18":153,"19":153,"20":153,"21":153,"22":603,"23":150,"24":603,"25":603,"26":153,"27":3,"28":0,"29":2},"f":{"0":3,"1":3,"2":153,"3":603},"b":{"0":[153],"1":[603],"2":[153],"3":[150]}}
,"/Users/kushal/Desktop/young_innovations/server/src/api/controllers/api.ts": {"path":"/Users/kushal/Desktop/young_innovations/server/src/api/controllers/api.ts","statementMap":{"0":{"start":{"line":2,"column":0},"end":{"line":2,"column":42}},"1":{"start":{"line":3,"column":0},"end":{"line":3,"column":39}},"2":{"start":{"line":5,"column":0},"end":{"line":5,"column":57}},"3":{"start":{"line":17,"column":2},"end":{"line":61,"column":4}},"4":{"start":{"line":21,"column":6},"end":{"line":61,"column":4}},"5":{"start":{"line":23,"column":17},"end":{"line":23,"column":25}},"6":{"start":{"line":25,"column":4},"end":{"line":49,"column":null}},"7":{"start":{"line":26,"column":15},"end":{"line":26,"column":35}},"8":{"start":{"line":29,"column":19},"end":{"line":35,"column":null}},"9":{"start":{"line":32,"column":18},"end":{"line":32,"column":52}},"10":{"start":{"line":33,"column":10},"end":{"line":33,"column":35}},"11":{"start":{"line":34,"column":10},"end":{"line":34,"column":63}},"12":{"start":{"line":38,"column":25},"end":{"line":38,"column":69}},"13":{"start":{"line":40,"column":6},"end":{"line":48,"column":null}},"14":{"start":{"line":41,"column":8},"end":{"line":41,"column":49}},"15":{"start":{"line":43,"column":22},"end":{"line":43,"column":41}},"16":{"start":{"line":45,"column":8},"end":{"line":47,"column":11}},"17":{"start":{"line":50,"column":4},"end":{"line":60,"column":null}},"18":{"start":{"line":52,"column":41},"end":{"line":52,"column":77}},"19":{"start":{"line":54,"column":6},"end":{"line":54,"column":43}},"20":{"start":{"line":56,"column":32},"end":{"line":56,"column":68}},"21":{"start":{"line":57,"column":6},"end":{"line":57,"column":57}},"22":{"start":{"line":59,"column":6},"end":{"line":59,"column":23}},"23":{"start":{"line":64,"column":2},"end":{"line":104,"column":4}},"24":{"start":{"line":68,"column":6},"end":{"line":104,"column":4}},"25":{"start":{"line":69,"column":4},"end":{"line":103,"column":null}},"26":{"start":{"line":71,"column":31},"end":{"line":71,"column":39}},"27":{"start":{"line":74,"column":6},"end":{"line":99,"column":null}},"28":{"start":{"line":76,"column":34},"end":{"line":76,"column":50}},"29":{"start":{"line":78,"column":21},"end":{"line":78,"column":53}},"30":{"start":{"line":79,"column":21},"end":{"line":79,"column":53}},"31":{"start":{"line":82,"column":21},"end":{"line":82,"column":73}},"32":{"start":{"line":85,"column":21},"end":{"line":85,"column":74}},"33":{"start":{"line":88,"column":22},"end":{"line":90,"column":null}},"34":{"start":{"line":93,"column":8},"end":{"line":96,"column":null}},"35":{"start":{"line":95,"column":10},"end":{"line":95,"column":76}},"36":{"start":{"line":98,"column":8},"end":{"line":98,"column":69}},"37":{"start":{"line":100,"column":6},"end":{"line":100,"column":76}},"38":{"start":{"line":100,"column":64},"end":{"line":100,"column":73}},"39":{"start":{"line":102,"column":6},"end":{"line":102,"column":23}},"40":{"start":{"line":107,"column":2},"end":{"line":130,"column":4}},"41":{"start":{"line":111,"column":6},"end":{"line":130,"column":4}},"42":{"start":{"line":112,"column":4},"end":{"line":129,"column":null}},"43":{"start":{"line":115,"column":6},"end":{"line":125,"column":null}},"44":{"start":{"line":117,"column":21},"end":{"line":117,"column":34}},"45":{"start":{"line":120,"column":8},"end":{"line":120,"column":64}},"46":{"start":{"line":122,"column":8},"end":{"line":124,"column":65}},"47":{"start":{"line":124,"column":54},"end":{"line":124,"column":60}},"48":{"start":{"line":126,"column":6},"end":{"line":126,"column":51}},"49":{"start":{"line":128,"column":6},"end":{"line":128,"column":23}},"50":{"start":{"line":133,"column":2},"end":{"line":168,"column":4}},"51":{"start":{"line":137,"column":6},"end":{"line":168,"column":4}},"52":{"start":{"line":138,"column":4},"end":{"line":167,"column":null}},"53":{"start":{"line":139,"column":17},"end":{"line":139,"column":28}},"54":{"start":{"line":142,"column":19},"end":{"line":142,"column":61}},"55":{"start":{"line":145,"column":19},"end":{"line":145,"column":32}},"56":{"start":{"line":148,"column":24},"end":{"line":148,"column":68}},"57":{"start":{"line":151,"column":6},"end":{"line":153,"column":null}},"58":{"start":{"line":152,"column":8},"end":{"line":152,"column":57}},"59":{"start":{"line":157,"column":6},"end":{"line":160,"column":null}},"60":{"start":{"line":159,"column":8},"end":{"line":159,"column":64}},"61":{"start":{"line":162,"column":6},"end":{"line":164,"column":63}},"62":{"start":{"line":164,"column":52},"end":{"line":164,"column":58}},"63":{"start":{"line":166,"column":6},"end":{"line":166,"column":23}},"64":{"start":{"line":13,"column":4},"end":{"line":13,"column":33}},"65":{"start":{"line":10,"column":0},"end":{"line":10,"column":13}}},"fnMap":{"0":{"name":"(anonymous_8)","decl":{"start":{"line":12,"column":2},"end":{"line":12,"column":14}},"loc":{"start":{"line":12,"column":29},"end":{"line":14,"column":3}}},"1":{"name":"(anonymous_9)","decl":{"start":{"line":17,"column":17},"end":{"line":17,"column":null}},"loc":{"start":{"line":21,"column":6},"end":{"line":61,"column":4}}},"2":{"name":"(anonymous_10)","decl":{"start":{"line":21,"column":6},"end":{"line":21,"column":null}},"loc":{"start":{"line":21,"column":6},"end":{"line":61,"column":3}}},"3":{"name":"(anonymous_11)","decl":{"start":{"line":31,"column":8},"end":{"line":31,"column":18}},"loc":{"start":{"line":31,"column":19},"end":{"line":35,"column":9}}},"4":{"name":"(anonymous_12)","decl":{"start":{"line":64,"column":20},"end":{"line":64,"column":null}},"loc":{"start":{"line":68,"column":6},"end":{"line":104,"column":4}}},"5":{"name":"(anonymous_13)","decl":{"start":{"line":68,"column":6},"end":{"line":68,"column":null}},"loc":{"start":{"line":68,"column":6},"end":{"line":104,"column":3}}},"6":{"name":"(anonymous_14)","decl":{"start":{"line":100,"column":49},"end":{"line":100,"column":50}},"loc":{"start":{"line":100,"column":64},"end":{"line":100,"column":73}}},"7":{"name":"(anonymous_15)","decl":{"start":{"line":107,"column":17},"end":{"line":107,"column":null}},"loc":{"start":{"line":111,"column":6},"end":{"line":130,"column":4}}},"8":{"name":"(anonymous_16)","decl":{"start":{"line":111,"column":6},"end":{"line":111,"column":null}},"loc":{"start":{"line":111,"column":6},"end":{"line":130,"column":3}}},"9":{"name":"(anonymous_17)","decl":{"start":{"line":124,"column":42},"end":{"line":124,"column":43}},"loc":{"start":{"line":124,"column":54},"end":{"line":124,"column":60}}},"10":{"name":"(anonymous_18)","decl":{"start":{"line":133,"column":20},"end":{"line":133,"column":null}},"loc":{"start":{"line":137,"column":6},"end":{"line":168,"column":4}}},"11":{"name":"(anonymous_19)","decl":{"start":{"line":137,"column":6},"end":{"line":137,"column":null}},"loc":{"start":{"line":137,"column":6},"end":{"line":168,"column":3}}},"12":{"name":"(anonymous_20)","decl":{"start":{"line":164,"column":40},"end":{"line":164,"column":41}},"loc":{"start":{"line":164,"column":52},"end":{"line":164,"column":58}}}},"branchMap":{"0":{"loc":{"start":{"line":25,"column":4},"end":{"line":49,"column":null}},"type":"if","locations":[{"start":{"line":25,"column":4},"end":{"line":49,"column":null}}]},"1":{"loc":{"start":{"line":34,"column":18},"end":{"line":34,"column":48}},"type":"cond-expr","locations":[{"start":{"line":34,"column":29},"end":{"line":34,"column":30}},{"start":{"line":34,"column":33},"end":{"line":34,"column":48}}]},"2":{"loc":{"start":{"line":40,"column":6},"end":{"line":48,"column":null}},"type":"if","locations":[{"start":{"line":40,"column":6},"end":{"line":48,"column":null}}]},"3":{"loc":{"start":{"line":74,"column":6},"end":{"line":99,"column":null}},"type":"if","locations":[{"start":{"line":74,"column":6},"end":{"line":99,"column":null}}]},"4":{"loc":{"start":{"line":76,"column":34},"end":{"line":76,"column":50}},"type":"cond-expr","locations":[{"start":{"line":76,"column":42},"end":{"line":76,"column":46}},{"start":{"line":76,"column":46},"end":{"line":76,"column":50}}]},"5":{"loc":{"start":{"line":76,"column":34},"end":{"line":76,"column":46}},"type":"binary-expr","locations":[{"start":{"line":76,"column":34},"end":{"line":76,"column":46}},{"start":{"line":76,"column":42},"end":{"line":76,"column":46}}]},"6":{"loc":{"start":{"line":93,"column":8},"end":{"line":96,"column":null}},"type":"if","locations":[{"start":{"line":93,"column":8},"end":{"line":96,"column":null}}]},"7":{"loc":{"start":{"line":100,"column":34},"end":{"line":100,"column":74}},"type":"cond-expr","locations":[{"start":{"line":100,"column":43},"end":{"line":100,"column":45}},{"start":{"line":100,"column":34},"end":{"line":100,"column":74}}]},"8":{"loc":{"start":{"line":100,"column":34},"end":{"line":100,"column":45}},"type":"binary-expr","locations":[{"start":{"line":100,"column":34},"end":{"line":100,"column":45}},{"start":{"line":100,"column":34},"end":{"line":100,"column":45}}]},"9":{"loc":{"start":{"line":115,"column":6},"end":{"line":125,"column":null}},"type":"if","locations":[{"start":{"line":115,"column":6},"end":{"line":125,"column":null}}]},"10":{"loc":{"start":{"line":124,"column":27},"end":{"line":124,"column":61}},"type":"cond-expr","locations":[{"start":{"line":124,"column":36},"end":{"line":124,"column":38}},{"start":{"line":124,"column":27},"end":{"line":124,"column":61}}]},"11":{"loc":{"start":{"line":124,"column":27},"end":{"line":124,"column":38}},"type":"binary-expr","locations":[{"start":{"line":124,"column":27},"end":{"line":124,"column":38}},{"start":{"line":124,"column":27},"end":{"line":124,"column":38}}]},"12":{"loc":{"start":{"line":151,"column":6},"end":{"line":153,"column":null}},"type":"if","locations":[{"start":{"line":151,"column":6},"end":{"line":153,"column":null}}]},"13":{"loc":{"start":{"line":157,"column":6},"end":{"line":160,"column":null}},"type":"if","locations":[{"start":{"line":157,"column":6},"end":{"line":160,"column":null}}]},"14":{"loc":{"start":{"line":164,"column":25},"end":{"line":164,"column":59}},"type":"cond-expr","locations":[{"start":{"line":164,"column":34},"end":{"line":164,"column":36}},{"start":{"line":164,"column":25},"end":{"line":164,"column":59}}]},"15":{"loc":{"start":{"line":164,"column":25},"end":{"line":164,"column":36}},"type":"binary-expr","locations":[{"start":{"line":164,"column":25},"end":{"line":164,"column":36}},{"start":{"line":164,"column":25},"end":{"line":164,"column":36}}]}},"s":{"0":1,"1":1,"2":1,"3":1,"4":2,"5":2,"6":2,"7":1,"8":1,"9":31,"10":31,"11":31,"12":1,"13":1,"14":1,"15":1,"16":1,"17":2,"18":2,"19":2,"20":2,"21":2,"22":0,"23":1,"24":0,"25":0,"26":0,"27":0,"28":0,"29":0,"30":0,"31":0,"32":0,"33":0,"34":0,"35":0,"36":0,"37":0,"38":0,"39":0,"40":1,"41":1,"42":1,"43":1,"44":0,"45":0,"46":0,"47":0,"48":1,"49":0,"50":1,"51":0,"52":0,"53":0,"54":0,"55":0,"56":0,"57":0,"58":0,"59":0,"60":0,"61":0,"62":0,"63":0,"64":1,"65":1},"f":{"0":1,"1":2,"2":2,"3":31,"4":0,"5":0,"6":0,"7":1,"8":1,"9":0,"10":0,"11":0,"12":0},"b":{"0":[1],"1":[30,1],"2":[1],"3":[0],"4":[0,0],"5":[0,0],"6":[0],"7":[0,0],"8":[0,0],"9":[0],"10":[0,0],"11":[0,0],"12":[0],"13":[0],"14":[0,0],"15":[0,0]}}
,"/Users/kushal/Desktop/young_innovations/server/src/api/routes/api.ts": {"path":"/Users/kushal/Desktop/young_innovations/server/src/api/routes/api.ts","statementMap":{"0":{"start":{"line":1,"column":0},"end":{"line":1,"column":30}},"1":{"start":{"line":2,"column":0},"end":{"line":2,"column":51}},"2":{"start":{"line":3,"column":15},"end":{"line":3,"column":31}},"3":{"start":{"line":4,"column":0},"end":{"line":4,"column":46}},"4":{"start":{"line":7,"column":21},"end":{"line":7,"column":50}},"5":{"start":{"line":11,"column":2},"end":{"line":11,"column":67}},"6":{"start":{"line":16,"column":2},"end":{"line":16,"column":67}},"7":{"start":{"line":21,"column":2},"end":{"line":21,"column":70}},"8":{"start":{"line":26,"column":2},"end":{"line":26,"column":73}},"9":{"start":{"line":27,"column":2},"end":{"line":27,"column":16}},"10":{"start":{"line":6,"column":0},"end":{"line":6,"column":25}}},"fnMap":{"0":{"name":"default_1","decl":{"start":{"line":6,"column":0},"end":{"line":6,"column":25}},"loc":{"start":{"line":6,"column":40},"end":{"line":28,"column":1}}}},"branchMap":{},"s":{"0":1,"1":1,"2":1,"3":1,"4":1,"5":1,"6":1,"7":1,"8":1,"9":1,"10":1},"f":{"0":1},"b":{}}
,"/Users/kushal/Desktop/young_innovations/server/src/api/services/api.ts": {"path":"/Users/kushal/Desktop/young_innovations/server/src/api/services/api.ts","statementMap":{"0":{"start":{"line":2,"column":0},"end":{"line":2,"column":46}},"1":{"start":{"line":7,"column":4},"end":{"line":7,"column":39}},"2":{"start":{"line":11,"column":4},"end":{"line":13,"column":null}},"3":{"start":{"line":12,"column":6},"end":{"line":12,"column":18}},"4":{"start":{"line":14,"column":4},"end":{"line":14,"column":59}},"5":{"start":{"line":26,"column":4},"end":{"line":36,"column":7}},"6":{"start":{"line":46,"column":4},"end":{"line":58,"column":null}},"7":{"start":{"line":47,"column":6},"end":{"line":57,"column":9}},"8":{"start":{"line":62,"column":4},"end":{"line":64,"column":null}},"9":{"start":{"line":63,"column":6},"end":{"line":63,"column":18}},"10":{"start":{"line":65,"column":4},"end":{"line":69,"column":7}},"11":{"start":{"line":73,"column":4},"end":{"line":75,"column":null}},"12":{"start":{"line":74,"column":6},"end":{"line":74,"column":18}},"13":{"start":{"line":76,"column":4},"end":{"line":80,"column":7}},"14":{"start":{"line":84,"column":4},"end":{"line":91,"column":7}},"15":{"start":{"line":94,"column":4},"end":{"line":96,"column":null}},"16":{"start":{"line":95,"column":6},"end":{"line":95,"column":18}},"17":{"start":{"line":97,"column":4},"end":{"line":101,"column":7}},"18":{"start":{"line":110,"column":4},"end":{"line":125,"column":7}},"19":{"start":{"line":129,"column":4},"end":{"line":139,"column":7}},"20":{"start":{"line":143,"column":4},"end":{"line":150,"column":7}},"21":{"start":{"line":154,"column":4},"end":{"line":158,"column":7}},"22":{"start":{"line":162,"column":0},"end":{"line":162,"column":32}}},"fnMap":{"0":{"name":"(anonymous_0)","decl":{"start":{"line":6,"column":2},"end":{"line":6,"column":null}},"loc":{"start":{"line":6,"column":2},"end":{"line":8,"column":3}}},"1":{"name":"(anonymous_1)","decl":{"start":{"line":10,"column":2},"end":{"line":10,"column":14}},"loc":{"start":{"line":10,"column":27},"end":{"line":15,"column":3}}},"2":{"name":"(anonymous_2)","decl":{"start":{"line":17,"column":2},"end":{"line":17,"column":12}},"loc":{"start":{"line":24,"column":21},"end":{"line":37,"column":3}}},"3":{"name":"(anonymous_3)","decl":{"start":{"line":39,"column":2},"end":{"line":39,"column":12}},"loc":{"start":{"line":44,"column":16},"end":{"line":59,"column":3}}},"4":{"name":"(anonymous_4)","decl":{"start":{"line":61,"column":2},"end":{"line":61,"column":16}},"loc":{"start":{"line":61,"column":29},"end":{"line":70,"column":3}}},"5":{"name":"(anonymous_5)","decl":{"start":{"line":72,"column":2},"end":{"line":72,"column":18}},"loc":{"start":{"line":72,"column":29},"end":{"line":81,"column":3}}},"6":{"name":"(anonymous_6)","decl":{"start":{"line":83,"column":2},"end":{"line":83,"column":16}},"loc":{"start":{"line":83,"column":41},"end":{"line":92,"column":3}}},"7":{"name":"(anonymous_7)","decl":{"start":{"line":93,"column":2},"end":{"line":93,"column":18}},"loc":{"start":{"line":93,"column":31},"end":{"line":102,"column":3}}},"8":{"name":"(anonymous_8)","decl":{"start":{"line":104,"column":2},"end":{"line":104,"column":17}},"loc":{"start":{"line":108,"column":23},"end":{"line":126,"column":3}}},"9":{"name":"(anonymous_9)","decl":{"start":{"line":128,"column":2},"end":{"line":128,"column":17}},"loc":{"start":{"line":128,"column":30},"end":{"line":140,"column":3}}},"10":{"name":"(anonymous_10)","decl":{"start":{"line":142,"column":2},"end":{"line":142,"column":27}},"loc":{"start":{"line":142,"column":58},"end":{"line":151,"column":3}}},"11":{"name":"(anonymous_11)","decl":{"start":{"line":153,"column":2},"end":{"line":153,"column":14}},"loc":{"start":{"line":153,"column":14},"end":{"line":159,"column":3}}}},"branchMap":{"0":{"loc":{"start":{"line":11,"column":4},"end":{"line":13,"column":null}},"type":"if","locations":[{"start":{"line":11,"column":4},"end":{"line":13,"column":null}}]},"1":{"loc":{"start":{"line":46,"column":4},"end":{"line":58,"column":null}},"type":"if","locations":[{"start":{"line":46,"column":4},"end":{"line":58,"column":null}}]},"2":{"loc":{"start":{"line":62,"column":4},"end":{"line":64,"column":null}},"type":"if","locations":[{"start":{"line":62,"column":4},"end":{"line":64,"column":null}}]},"3":{"loc":{"start":{"line":73,"column":4},"end":{"line":75,"column":null}},"type":"if","locations":[{"start":{"line":73,"column":4},"end":{"line":75,"column":null}}]},"4":{"loc":{"start":{"line":94,"column":4},"end":{"line":96,"column":null}},"type":"if","locations":[{"start":{"line":94,"column":4},"end":{"line":96,"column":null}}]},"5":{"loc":{"start":{"line":114,"column":16},"end":{"line":114,"column":24}},"type":"cond-expr","locations":[{"start":{"line":114,"column":20},"end":{"line":114,"column":22}},{"start":{"line":114,"column":16},"end":{"line":114,"column":24}}]},"6":{"loc":{"start":{"line":114,"column":16},"end":{"line":114,"column":22}},"type":"binary-expr","locations":[{"start":{"line":114,"column":16},"end":{"line":114,"column":22}},{"start":{"line":114,"column":16},"end":{"line":114,"column":22}}]},"7":{"loc":{"start":{"line":119,"column":16},"end":{"line":119,"column":24}},"type":"cond-expr","locations":[{"start":{"line":119,"column":20},"end":{"line":119,"column":22}},{"start":{"line":119,"column":16},"end":{"line":119,"column":24}}]},"8":{"loc":{"start":{"line":119,"column":16},"end":{"line":119,"column":22}},"type":"binary-expr","locations":[{"start":{"line":119,"column":16},"end":{"line":119,"column":22}},{"start":{"line":119,"column":16},"end":{"line":119,"column":22}}]}},"s":{"0":1,"1":1,"2":0,"3":0,"4":0,"5":0,"6":0,"7":0,"8":0,"9":0,"10":0,"11":0,"12":0,"13":0,"14":0,"15":0,"16":0,"17":0,"18":0,"19":0,"20":0,"21":0,"22":1},"f":{"0":1,"1":0,"2":0,"3":0,"4":0,"5":0,"6":0,"7":0,"8":0,"9":0,"10":0,"11":0},"b":{"0":[0],"1":[0],"2":[0],"3":[0],"4":[0],"5":[0,0],"6":[0,0],"7":[0,0],"8":[0,0]}}
,"/Users/kushal/Desktop/young_innovations/server/src/api/utility/coinData.ts": {"path":"/Users/kushal/Desktop/young_innovations/server/src/api/utility/coinData.ts","statementMap":{"0":{"start":{"line":1,"column":0},"end":{"line":1,"column":41}},"1":{"start":{"line":3,"column":34},"end":{"line":38,"column":2}},"2":{"start":{"line":3,"column":62},"end":{"line":38,"column":2}},"3":{"start":{"line":4,"column":2},"end":{"line":37,"column":null}},"4":{"start":{"line":5,"column":4},"end":{"line":36,"column":null}},"5":{"start":{"line":6,"column":17},"end":{"line":6,"column":35}},"6":{"start":{"line":7,"column":17},"end":{"line":7,"column":35}},"7":{"start":{"line":8,"column":18},"end":{"line":8,"column":37}},"8":{"start":{"line":9,"column":17},"end":{"line":9,"column":35}},"9":{"start":{"line":10,"column":18},"end":{"line":10,"column":28}},"10":{"start":{"line":11,"column":22},"end":{"line":11,"column":36}},"11":{"start":{"line":12,"column":16},"end":{"line":12,"column":27}},"12":{"start":{"line":14,"column":6},"end":{"line":35,"column":null}},"13":{"start":{"line":15,"column":25},"end":{"line":15,"column":62}},"14":{"start":{"line":16,"column":8},"end":{"line":34,"column":null}},"15":{"start":{"line":17,"column":21},"end":{"line":22,"column":null}},"16":{"start":{"line":25,"column":21},"end":{"line":32,"column":null}},"17":{"start":{"line":3,"column":13},"end":{"line":3,"column":34}}},"fnMap":{"0":{"name":"(anonymous_8)","decl":{"start":{"line":3,"column":34},"end":{"line":3,"column":41}},"loc":{"start":{"line":3,"column":62},"end":{"line":38,"column":2}}},"1":{"name":"(anonymous_9)","decl":{"start":{"line":3,"column":62},"end":{"line":3,"column":null}},"loc":{"start":{"line":3,"column":62},"end":{"line":38,"column":1}}}},"branchMap":{"0":{"loc":{"start":{"line":4,"column":2},"end":{"line":37,"column":null}},"type":"if","locations":[{"start":{"line":4,"column":2},"end":{"line":37,"column":null}}]},"1":{"loc":{"start":{"line":14,"column":6},"end":{"line":35,"column":null}},"type":"if","locations":[{"start":{"line":14,"column":6},"end":{"line":35,"column":null}}]},"2":{"loc":{"start":{"line":16,"column":8},"end":{"line":34,"column":null}},"type":"if","locations":[{"start":{"line":16,"column":8},"end":{"line":34,"column":null}},{"start":{"line":24,"column":15},"end":{"line":34,"column":null}}]}},"s":{"0":1,"1":1,"2":2,"3":2,"4":2,"5":102,"6":102,"7":102,"8":102,"9":102,"10":102,"11":102,"12":102,"13":100,"14":100,"15":50,"16":50,"17":1},"f":{"0":2,"1":2},"b":{"0":[2],"1":[100],"2":[50,50]}}
}
