TN:
SF:src/app.ts
FN:29,(anonymous_1)
FN:49,(anonymous_2)
FNF:2
FNH:1
FNDA:3,(anonymous_1)
FNDA:0,(anonymous_2)
DA:1,1
DA:3,1
DA:4,1
DA:5,1
DA:6,1
DA:8,1
DA:14,1
DA:17,1
DA:20,1
DA:22,1
DA:29,1
DA:31,3
DA:33,3
DA:38,3
DA:39,0
DA:40,0
DA:42,3
DA:46,1
DA:49,1
DA:50,0
DA:51,0
DA:56,1
LF:22
LH:18
BRDA:38,0,0,0
BRF:1
BRH:0
end_of_record
TN:
SF:src/jwt.ts
FN:13,generateToken
FN:28,validateToken
FN:29,(anonymous_2)
FNF:3
FNH:3
FNDA:2,generateToken
FNDA:2,validateToken
FNDA:2,(anonymous_2)
DA:1,2
DA:13,2
DA:15,2
DA:18,2
DA:28,2
DA:29,2
DA:30,2
DA:31,2
DA:32,1
DA:34,2
DA:35,2
DA:37,2
LF:12
LH:12
BRDA:30,0,0,2
BRDA:31,1,0,1
BRF:2
BRH:2
end_of_record
TN:
SF:src/middleware.ts
FN:6,(anonymous_7)
FN:6,(anonymous_8)
FN:6,(anonymous_9)
FNF:3
FNH:3
FNDA:4,(anonymous_7)
FNDA:3,(anonymous_8)
FNDA:3,(anonymous_9)
DA:2,1
DA:5,1
DA:6,4
DA:7,3
DA:8,3
DA:11,3
DA:12,2
DA:15,1
DA:16,1
DA:20,1
DA:21,1
DA:22,1
DA:24,0
LF:13
LH:12
BRDA:11,0,0,2
BRDA:15,1,0,1
BRF:2
BRH:2
end_of_record
TN:
SF:src/scrapper.ts
FN:5,(anonymous_8)
FN:7,(anonymous_9)
FN:22,(anonymous_11)
FN:30,(anonymous_12)
FNF:4
FNH:4
FNDA:3,(anonymous_8)
FNDA:3,(anonymous_9)
FNDA:153,(anonymous_11)
FNDA:603,(anonymous_12)
DA:1,2
DA:2,2
DA:4,2
DA:8,3
DA:9,3
DA:10,3
DA:11,3
DA:16,3
DA:18,3
DA:20,3
DA:22,3
DA:23,153
DA:25,153
DA:27,153
DA:28,153
DA:31,603
DA:33,603
DA:34,603
DA:35,153
DA:42,153
DA:49,153
DA:56,153
DA:63,153
DA:70,603
DA:71,150
DA:75,603
DA:76,603
DA:80,153
DA:83,3
DA:85,0
LF:30
LH:29
BRDA:27,0,0,153
BRDA:33,1,0,603
BRDA:34,2,0,153
BRDA:70,3,0,150
BRF:4
BRH:4
end_of_record
TN:
SF:src/api/controllers/api.ts
FN:12,(anonymous_8)
FN:17,(anonymous_9)
FN:21,(anonymous_10)
FN:31,(anonymous_11)
FN:64,(anonymous_12)
FN:68,(anonymous_13)
FN:100,(anonymous_14)
FN:107,(anonymous_15)
FN:111,(anonymous_16)
FN:124,(anonymous_17)
FN:133,(anonymous_18)
FN:137,(anonymous_19)
FN:164,(anonymous_20)
FNF:13
FNH:6
FNDA:1,(anonymous_8)
FNDA:2,(anonymous_9)
FNDA:2,(anonymous_10)
FNDA:31,(anonymous_11)
FNDA:0,(anonymous_12)
FNDA:0,(anonymous_13)
FNDA:0,(anonymous_14)
FNDA:1,(anonymous_15)
FNDA:1,(anonymous_16)
FNDA:0,(anonymous_17)
FNDA:0,(anonymous_18)
FNDA:0,(anonymous_19)
FNDA:0,(anonymous_20)
DA:2,1
DA:3,1
DA:5,1
DA:10,1
DA:13,1
DA:17,1
DA:21,2
DA:23,2
DA:25,2
DA:26,1
DA:29,1
DA:32,31
DA:33,31
DA:34,31
DA:38,1
DA:40,1
DA:41,1
DA:43,1
DA:45,1
DA:50,2
DA:52,2
DA:54,2
DA:56,2
DA:57,2
DA:59,0
DA:64,1
DA:68,0
DA:69,0
DA:71,0
DA:74,0
DA:76,0
DA:78,0
DA:79,0
DA:82,0
DA:85,0
DA:88,0
DA:93,0
DA:95,0
DA:98,0
DA:100,0
DA:102,0
DA:107,1
DA:111,1
DA:112,1
DA:115,1
DA:117,0
DA:120,0
DA:122,0
DA:124,0
DA:126,1
DA:128,0
DA:133,1
DA:137,0
DA:138,0
DA:139,0
DA:142,0
DA:145,0
DA:148,0
DA:151,0
DA:152,0
DA:157,0
DA:159,0
DA:162,0
DA:164,0
DA:166,0
LF:65
LH:31
BRDA:25,0,0,1
BRDA:34,1,0,30
BRDA:34,1,1,1
BRDA:40,2,0,1
BRDA:74,3,0,0
BRDA:76,4,0,0
BRDA:76,4,1,0
BRDA:76,5,0,0
BRDA:76,5,1,0
BRDA:93,6,0,0
BRDA:100,7,0,0
BRDA:100,7,1,0
BRDA:100,8,0,0
BRDA:100,8,1,0
BRDA:115,9,0,0
BRDA:124,10,0,0
BRDA:124,10,1,0
BRDA:124,11,0,0
BRDA:124,11,1,0
BRDA:151,12,0,0
BRDA:157,13,0,0
BRDA:164,14,0,0
BRDA:164,14,1,0
BRDA:164,15,0,0
BRDA:164,15,1,0
BRF:25
BRH:4
end_of_record
TN:
SF:src/api/routes/api.ts
FN:6,default_1
FNF:1
FNH:1
FNDA:1,default_1
DA:1,1
DA:2,1
DA:3,1
DA:4,1
DA:6,1
DA:7,1
DA:11,1
DA:16,1
DA:21,1
DA:26,1
DA:27,1
LF:11
LH:11
BRF:0
BRH:0
end_of_record
TN:
SF:src/api/services/api.ts
FN:6,(anonymous_0)
FN:10,(anonymous_1)
FN:17,(anonymous_2)
FN:39,(anonymous_3)
FN:61,(anonymous_4)
FN:72,(anonymous_5)
FN:83,(anonymous_6)
FN:93,(anonymous_7)
FN:104,(anonymous_8)
FN:128,(anonymous_9)
FN:142,(anonymous_10)
FN:153,(anonymous_11)
FNF:12
FNH:1
FNDA:1,(anonymous_0)
FNDA:0,(anonymous_1)
FNDA:0,(anonymous_2)
FNDA:0,(anonymous_3)
FNDA:0,(anonymous_4)
FNDA:0,(anonymous_5)
FNDA:0,(anonymous_6)
FNDA:0,(anonymous_7)
FNDA:0,(anonymous_8)
FNDA:0,(anonymous_9)
FNDA:0,(anonymous_10)
FNDA:0,(anonymous_11)
DA:2,1
DA:7,1
DA:11,0
DA:12,0
DA:14,0
DA:26,0
DA:46,0
DA:47,0
DA:62,0
DA:63,0
DA:65,0
DA:73,0
DA:74,0
DA:76,0
DA:84,0
DA:94,0
DA:95,0
DA:97,0
DA:110,0
DA:129,0
DA:143,0
DA:154,0
DA:162,1
LF:23
LH:3
BRDA:11,0,0,0
BRDA:46,1,0,0
BRDA:62,2,0,0
BRDA:73,3,0,0
BRDA:94,4,0,0
BRDA:114,5,0,0
BRDA:114,5,1,0
BRDA:114,6,0,0
BRDA:114,6,1,0
BRDA:119,7,0,0
BRDA:119,7,1,0
BRDA:119,8,0,0
BRDA:119,8,1,0
BRF:13
BRH:0
end_of_record
TN:
SF:src/api/utility/coinData.ts
FN:3,(anonymous_8)
FN:3,(anonymous_9)
FNF:2
FNH:2
FNDA:2,(anonymous_8)
FNDA:2,(anonymous_9)
DA:1,1
DA:3,2
DA:4,2
DA:5,2
DA:6,102
DA:7,102
DA:8,102
DA:9,102
DA:10,102
DA:11,102
DA:12,102
DA:14,102
DA:15,100
DA:16,100
DA:17,50
DA:25,50
LF:16
LH:16
BRDA:4,0,0,2
BRDA:14,1,0,100
BRDA:16,2,0,50
BRDA:16,2,1,50
BRF:4
BRH:4
end_of_record
